0 info it worked if it ends with ok
1 verbose cli [ 'C:\\Program Files\\nodejs\\node.exe',
1 verbose cli   'C:\\Users\\felipe.almeida\\AppData\\Roaming\\npm\\node_modules\\npm\\bin\\npm-cli.js',
1 verbose cli   'run',
1 verbose cli   'build' ]
2 info using npm@4.1.2
3 info using node@v6.12.2
4 verbose run-script [ 'prebuild', 'build', 'postbuild' ]
5 info lifecycle website@1.0.0~prebuild: website@1.0.0
6 silly lifecycle website@1.0.0~prebuild: no script for prebuild, continuing
7 info lifecycle website@1.0.0~build: website@1.0.0
8 verbose lifecycle website@1.0.0~build: unsafe-perm in lifecycle true
9 verbose lifecycle website@1.0.0~build: PATH: C:\Users\felipe.almeida\AppData\Roaming\npm\node_modules\npm\bin\node-gyp-bin;C:\Temp\dev-pp\website\node_modules\.bin;C:\Users\felipe.almeida\AppData\Roaming\npm\node_modules\npm\bin\node-gyp-bin;C:\Temp\dev-pp\website\node_modules\.bin;C:\ProgramData\Oracle\Java\javapath;C:\WINDOWS\system32;C:\WINDOWS;C:\WINDOWS\System32\Wbem;C:\WINDOWS\System32\WindowsPowerShell\v1.0\;C:\ProgramData\chocolatey\bin;C:\Program Files\Microsoft SQL Server\130\Tools\Binn\;C:\Program Files\dotnet\;C:\Program Files (x86)\Android\android-sdk;C:\Program Files (x86)\Android\android-sdk\platform-tools;C:\Program Files\Microsoft\Web Platform Installer\;C:\Program Files\Microsoft SQL Server\120\Tools\Binn\;C:\Program Files (x86)\Microsoft SQL Server\110\DTS\Binn\;C:\Program Files (x86)\Microsoft SQL Server\120\DTS\Binn\;C:\Program Files (x86)\Microsoft SQL Server\130\DTS\Binn\;C:\Program Files (x86)\Microsoft SQL Server\140\DTS\Binn\;C:\Program Files (x86)\Microsoft SQL Server\Client SDK\ODBC\130\Tools\Binn\;C:\Program Files (x86)\Microsoft SQL Server\140\Tools\Binn\;C:\Program Files (x86)\Microsoft SQL Server\140\Tools\Binn\ManagementStudio\;C:\gradle\gradle-4.2\bin;C:\Program Files\Git\cmd;c:\php;C:\Program Files\Microsoft SQL Server\Client SDK\ODBC\130\Tools\Binn\;C:\Program Files\Microsoft SQL Server\140\Tools\Binn\;C:\Program Files\Microsoft SQL Server\140\DTS\Binn\;C:\Program Files\nodejs\;C:\Program Files (x86)\Bitvise SSH Client;C:\Program Files\doxygen\bin;C:\Users\felipe.almeida\AppData\Local\Microsoft\WindowsApps;C:\Program Files (x86)\Microsoft VS Code\bin;C:\gradle\gradle-4.2\bin;C:\Users\felipe.almeida\AppData\Roaming\npm
10 verbose lifecycle website@1.0.0~build: CWD: C:\Temp\dev-pp\website
11 silly lifecycle website@1.0.0~build: Args: [ '/d /s /c', 'webpack --config webpack.prod.js -p' ]
12 silly lifecycle website@1.0.0~build: Returned: code: 2  signal: null
13 info lifecycle website@1.0.0~build: Failed to exec build script
14 verbose stack Error: website@1.0.0 build: `webpack --config webpack.prod.js -p`
14 verbose stack Exit status 2
14 verbose stack     at EventEmitter.<anonymous> (C:\Users\felipe.almeida\AppData\Roaming\npm\node_modules\npm\lib\utils\lifecycle.js:279:16)
14 verbose stack     at emitTwo (events.js:106:13)
14 verbose stack     at EventEmitter.emit (events.js:191:7)
14 verbose stack     at ChildProcess.<anonymous> (C:\Users\felipe.almeida\AppData\Roaming\npm\node_modules\npm\lib\utils\spawn.js:40:14)
14 verbose stack     at emitTwo (events.js:106:13)
14 verbose stack     at ChildProcess.emit (events.js:191:7)
14 verbose stack     at maybeClose (internal/child_process.js:920:16)
14 verbose stack     at Process.ChildProcess._handle.onexit (internal/child_process.js:230:5)
15 verbose pkgid website@1.0.0
16 verbose cwd C:\Temp\dev-pp\website
17 error Windows_NT 10.0.16299
18 error argv "C:\\Program Files\\nodejs\\node.exe" "C:\\Users\\felipe.almeida\\AppData\\Roaming\\npm\\node_modules\\npm\\bin\\npm-cli.js" "run" "build"
19 error node v6.12.2
20 error npm  v4.1.2
21 error code ELIFECYCLE
22 error website@1.0.0 build: `webpack --config webpack.prod.js -p`
22 error Exit status 2
23 error Failed at the website@1.0.0 build script 'webpack --config webpack.prod.js -p'.
23 error Make sure you have the latest version of node.js and npm installed.
23 error If you do, this is most likely a problem with the website package,
23 error not with npm itself.
23 error Tell the author that this fails on your system:
23 error     webpack --config webpack.prod.js -p
23 error You can get information on how to open an issue for this project with:
23 error     npm bugs website
23 error Or if that isn't available, you can get their info via:
23 error     npm owner ls website
23 error There is likely additional logging output above.
24 verbose exit [ 1, true ]
