Arguments: 
  C:\Program Files\nodejs\node.exe C:\Program Files (x86)\Yarn\bin\yarn.js add axios-jsonp

PATH: 
  C:\Program Files (x86)\Intel\iCLS Client\;C:\tools\ruby23\bin;C:\RailsInstaller\Git\cmd;C:\RailsInstaller\Ruby2.1.0\bin;C:\Program Files (x86)\Common Files\Intel\Shared Files\cpp\bin\Intel64;C:\MMSAutomation\versions\bin;C:\ProgramData\Oracle\Java\javapath;C:\Program Files\Intel\iCLS Client\;C:\WINDOWS\system32;C:\WINDOWS;C:\WINDOWS\System32\Wbem;C:\WINDOWS\System32\WindowsPowerShell\v1.0\;C:\Program Files\Intel\IntelSGXPSW\bin\x64\Release\;C:\Program Files\Intel\IntelSGXPSW\bin\win32\Release\;C:\flow\;C:\wamp\bin\mysql\mysql5.6.17\bin;C:\apache-ant-1.9.2\bin;C:\Program Files\Java\jdk1.8.0_92\bin;C:\Users\blini\AppData\Local\Android\sdk\tools;C:\Users\blini\AppData\Local\Android\sdk\platform-tools;C:\Program Files\Sublime Text 3;C:\Users\blini\AppData\Local\Android\sdk\platform-tools;C:\Users\blini\AppData\Local\Android\sdk\tools;C:\Program Files (x86)\git\cmd;C:\ProgramData\chocolatey\bin;C:\Program Files\Microsoft\Web Platform Installer\;C:\curl_7_51_0_openssl_nghttp2_x64;C:\Program Files (x86)\Skype\Phone\;C:\Program Files\Git\cmd;C:\Program Files (x86)\Intel\Intel(R) Management Engine Components\DAL;C:\Program Files\Intel\Intel(R) Management Engine Components\DAL;C:\Program Files (x86)\Intel\Intel(R) Management Engine Components\IPT;C:\Program Files\Intel\Intel(R) Management Engine Components\IPT;C:\WINDOWS\System32\OpenSSH\;C:\Program Files (x86)\Yarn\bin\;C:\Program Files (x86)\Microsoft VS Code\bin;C:\Program Files\nodejs\;C:\Program Files\Intel\WiFi\bin\;C:\Program Files\Common Files\Intel\WirelessCommon\;C:\Users\blini\AppData\Local\Programs\Python\Python36\Scripts\;C:\Users\blini\AppData\Local\Programs\Python\Python36\;C:\Ruby24-x64\bin;C:\Ruby22-x64\bin;C:\Users\blini\AppData\Local\Microsoft\WindowsApps;C:\Python27;C:\Users\blini\AppData\Local\Yarn\bin;C:\Program Files\heroku\bin;C:\Users\blini\AppData\Local\hyper\app-3.0.2\resources\bin;C:\Users\blini\AppData\Roaming\npm

Yarn version: 
  1.7.0

Node version: 
  10.15.3

Platform: 
  win32 x64

Trace: 
  Error: EPERM: operation not permitted, unlink 'C:\dev\dev-pp\website\node_modules\node-sass\vendor\win32-x64-64\binding.node'

npm manifest: 
  {
    "name": "website",
    "version": "1.0.0",
    "description": "",
    "main": "",
    "author": "Felipe Blini <felipe@blini.io> (http://blini.io/)",
    "license": "MIT",
    "scripts": {
      "test": "echo \"Error: no test specified\" && exit 1",
      "dev": "webpack-dev-server --progress --config webpack.dev.js --open",
      "build": "webpack --config webpack.prod.js",
      "postinstall": "npm run build",
      "start": "node server.js"
    },
    "dependencies": {
      "axios": "0.18.0",
      "babel-polyfill": "6.26.0",
      "bootstrap": "3.3.7",
      "bootstrap-sass": "3.3.7",
      "express": "4.16.2",
      "jquery": "3.2.1",
      "jquery-placeholder": "2.3.1",
      "jsonp": "0.2.1",
      "materialize-css": "0.100.2",
      "scrollreveal": "3.3.6",
      "smooth-scroll": "12.1.5",
      "vue": "2.5.13",
      "vue-masonry": "0.11.6",
      "vue-simple-photoswipe": "1.0.3"
    },
    "devDependencies": {
      "babel-core": "6.26.0",
      "babel-loader": "7.1.2",
      "babel-plugin-transform-runtime": "6.23.0",
      "babel-preset-es2015": "6.24.1",
      "babel-preset-stage-2": "6.24.1",
      "clean-webpack-plugin": "0.1.17",
      "copy-webpack-plugin": "4.3.1",
      "css-loader": "0.28.8",
      "extract-text-webpack-plugin": "2.1.2",
      "file-loader": "1.1.6",
      "html-loader": "0.5.4",
      "html-webpack-plugin": "2.30.1",
      "image-webpack-loader": "3.4.2",
      "node-sass": "4.9.2",
      "sass-loader": "7.0.3",
      "style-loader": "0.19.1",
      "vue-loader": "13.7.0",
      "vue-svg-symbol-loader": "1.0.2",
      "webpack": "3.10.0",
      "webpack-dev-server": "2.9.7",
      "webpack-manifest-plugin": "1.3.2",
      "webpack-merge": "4.1.1",
      "workbox-webpack-plugin": "2.1.2"
    }
  }

yarn manifest: 
  No manifest

Lockfile: 
  No lockfile
